[2024-05-10 11:39:03] local.INFO: File : C:\htdocs\arter2\App\Http\Controllers\CounterController.php created  
[2024-05-10 11:39:03] local.INFO: File : C:\htdocs\arter2\App\Repositories\CounterRepository.php created  
[2024-05-10 11:39:03] local.INFO: File : C:\htdocs\arter2\App\Models\Counter.php created  
[2024-05-10 11:39:03] local.INFO: File : C:\htdocs\arter2\database\migrations\1715326743_create_counter_table.php created  
[2024-05-10 11:39:03] local.INFO: File : C:\htdocs\arter2\App\Http\Requests\\Counter\StoreCounterRequest.php created  
[2024-05-10 11:39:03] local.INFO: File : C:\htdocs\arter2\App\Http\Requests\\Counter\UpdateCounterRequest.php created  
[2024-05-10 11:39:03] local.INFO: File : C:\htdocs\arter2\resources\views\counter\index.blade.php created  
[2024-05-10 11:39:03] local.INFO: File : C:\htdocs\arter2\resources\views\counter\edit.blade.php created  
[2024-05-10 11:39:03] local.INFO: File : C:\htdocs\arter2\resources\views\counter\create.blade.php created  
[2024-05-10 11:40:49] local.INFO: File : C:\htdocs\arter2\App\Http\Controllers\AboutDetailController.php created  
[2024-05-10 11:40:49] local.INFO: File : C:\htdocs\arter2\App\Repositories\AboutDetailRepository.php created  
[2024-05-10 11:40:49] local.INFO: File : C:\htdocs\arter2\App\Models\AboutDetail.php created  
[2024-05-10 11:40:49] local.INFO: File : C:\htdocs\arter2\database\migrations\1715326849_create_aboutdetail_table.php created  
[2024-05-10 11:40:49] local.INFO: File : C:\htdocs\arter2\App\Http\Requests\\AboutDetail\StoreAboutDetailRequest.php created  
[2024-05-10 11:40:49] local.INFO: File : C:\htdocs\arter2\App\Http\Requests\\AboutDetail\UpdateAboutDetailRequest.php created  
[2024-05-10 11:40:49] local.INFO: File : C:\htdocs\arter2\resources\views\aboutdetail\index.blade.php created  
[2024-05-10 11:40:49] local.INFO: File : C:\htdocs\arter2\resources\views\aboutdetail\edit.blade.php created  
[2024-05-10 11:40:49] local.INFO: File : C:\htdocs\arter2\resources\views\aboutdetail\create.blade.php created  
[2024-05-10 11:43:05] local.INFO: File : C:\htdocs\arter2\App\Http\Controllers\HowItWorkController.php created  
[2024-05-10 11:43:05] local.INFO: File : C:\htdocs\arter2\App\Repositories\HowItWorkRepository.php created  
[2024-05-10 11:43:05] local.INFO: File : C:\htdocs\arter2\App\Models\HowItWork.php created  
[2024-05-10 11:43:05] local.INFO: File : C:\htdocs\arter2\database\migrations\1715326985_create_howitwork_table.php created  
[2024-05-10 11:43:05] local.INFO: File : C:\htdocs\arter2\App\Http\Requests\\HowItWork\StoreHowItWorkRequest.php created  
[2024-05-10 11:43:05] local.INFO: File : C:\htdocs\arter2\App\Http\Requests\\HowItWork\UpdateHowItWorkRequest.php created  
[2024-05-10 11:43:05] local.INFO: File : C:\htdocs\arter2\resources\views\howitwork\index.blade.php created  
[2024-05-10 11:43:05] local.INFO: File : C:\htdocs\arter2\resources\views\howitwork\edit.blade.php created  
[2024-05-10 11:43:05] local.INFO: File : C:\htdocs\arter2\resources\views\howitwork\create.blade.php created  
[2024-05-10 11:52:58] local.INFO: File : C:\htdocs\arter2\App\Http\Controllers\TagController.php created  
[2024-05-10 11:52:58] local.INFO: File : C:\htdocs\arter2\App\Repositories\TagRepository.php created  
[2024-05-10 11:52:58] local.INFO: File : C:\htdocs\arter2\App\Models\Tag.php created  
[2024-05-10 11:52:58] local.INFO: File : C:\htdocs\arter2\database\migrations\1715327578_create_tag_table.php created  
[2024-05-10 11:52:58] local.INFO: File : C:\htdocs\arter2\App\Http\Requests\\Tag\StoreTagRequest.php created  
[2024-05-10 11:52:58] local.INFO: File : C:\htdocs\arter2\App\Http\Requests\\Tag\UpdateTagRequest.php created  
[2024-05-10 11:52:58] local.INFO: File : C:\htdocs\arter2\resources\views\tag\index.blade.php created  
[2024-05-10 11:52:58] local.INFO: File : C:\htdocs\arter2\resources\views\tag\edit.blade.php created  
[2024-05-10 11:52:58] local.INFO: File : C:\htdocs\arter2\resources\views\tag\create.blade.php created  
[2024-05-10 11:54:56] local.INFO: File : C:\htdocs\arter2\App\Http\Controllers\BlogController.php created  
[2024-05-10 11:54:56] local.INFO: File : C:\htdocs\arter2\App\Repositories\BlogRepository.php created  
[2024-05-10 11:54:56] local.INFO: File : C:\htdocs\arter2\App\Models\Blog.php created  
[2024-05-10 11:54:56] local.INFO: File : C:\htdocs\arter2\database\migrations\1715327696_create_blog_table.php created  
[2024-05-10 11:54:56] local.INFO: File : C:\htdocs\arter2\App\Http\Requests\\Blog\StoreBlogRequest.php created  
[2024-05-10 11:54:56] local.INFO: File : C:\htdocs\arter2\App\Http\Requests\\Blog\UpdateBlogRequest.php created  
[2024-05-10 11:54:56] local.INFO: File : C:\htdocs\arter2\resources\views\blog\index.blade.php created  
[2024-05-10 11:54:56] local.INFO: File : C:\htdocs\arter2\resources\views\blog\edit.blade.php created  
[2024-05-10 11:54:56] local.INFO: File : C:\htdocs\arter2\resources\views\blog\create.blade.php created  
[2024-05-10 14:02:23] local.INFO: File : C:\htdocs\arter2\App\Http\Controllers\ContactController.php created  
[2024-05-10 14:02:23] local.INFO: File : C:\htdocs\arter2\App\Repositories\ContactRepository.php created  
[2024-05-10 14:02:23] local.INFO: File : C:\htdocs\arter2\App\Models\Contact.php created  
[2024-05-10 14:02:23] local.INFO: File : C:\htdocs\arter2\database\migrations\1715335343_create_contact_table.php created  
[2024-05-10 14:02:24] local.INFO: File : C:\htdocs\arter2\App\Http\Requests\\Contact\StoreContactRequest.php created  
[2024-05-10 14:02:24] local.INFO: File : C:\htdocs\arter2\App\Http\Requests\\Contact\UpdateContactRequest.php created  
[2024-05-10 14:02:24] local.INFO: File : C:\htdocs\arter2\resources\views\contact\index.blade.php created  
[2024-05-10 14:02:24] local.INFO: File : C:\htdocs\arter2\resources\views\contact\edit.blade.php created  
[2024-05-10 14:02:24] local.INFO: File : C:\htdocs\arter2\resources\views\contact\create.blade.php created  
[2024-05-10 14:03:22] local.INFO: File : C:\htdocs\arter2\App\Http\Controllers\MainInformationController.php created  
[2024-05-10 14:03:22] local.INFO: File : C:\htdocs\arter2\App\Repositories\MainInformationRepository.php created  
[2024-05-10 14:03:22] local.INFO: File : C:\htdocs\arter2\App\Models\MainInformation.php created  
[2024-05-10 14:03:22] local.INFO: File : C:\htdocs\arter2\database\migrations\1715335402_create_maininformation_table.php created  
[2024-05-10 14:03:22] local.INFO: File : C:\htdocs\arter2\App\Http\Requests\\MainInformation\StoreMainInformationRequest.php created  
[2024-05-10 14:03:22] local.INFO: File : C:\htdocs\arter2\App\Http\Requests\\MainInformation\UpdateMainInformationRequest.php created  
[2024-05-10 14:03:22] local.INFO: File : C:\htdocs\arter2\resources\views\maininformation\index.blade.php created  
[2024-05-10 14:03:22] local.INFO: File : C:\htdocs\arter2\resources\views\maininformation\edit.blade.php created  
[2024-05-10 14:03:22] local.INFO: File : C:\htdocs\arter2\resources\views\maininformation\create.blade.php created  
[2024-05-10 14:07:06] local.INFO: File : C:\htdocs\arter2\App\Http\Controllers\SliderController.php created  
[2024-05-10 14:07:06] local.INFO: File : C:\htdocs\arter2\App\Repositories\SliderRepository.php created  
[2024-05-10 14:07:06] local.INFO: File : C:\htdocs\arter2\App\Models\Slider.php created  
[2024-05-10 14:07:06] local.INFO: File : C:\htdocs\arter2\database\migrations\1715335626_create_slider_table.php created  
[2024-05-10 14:07:06] local.INFO: File : C:\htdocs\arter2\App\Http\Requests\\Slider\StoreSliderRequest.php created  
[2024-05-10 14:07:06] local.INFO: File : C:\htdocs\arter2\App\Http\Requests\\Slider\UpdateSliderRequest.php created  
[2024-05-10 14:07:06] local.INFO: File : C:\htdocs\arter2\resources\views\slider\index.blade.php created  
[2024-05-10 14:07:06] local.INFO: File : C:\htdocs\arter2\resources\views\slider\edit.blade.php created  
[2024-05-10 14:07:06] local.INFO: File : C:\htdocs\arter2\resources\views\slider\create.blade.php created  
[2024-05-10 14:07:55] local.INFO: File : C:\htdocs\arter2\App\Http\Controllers\CityController.php created  
[2024-05-10 14:07:55] local.INFO: File : C:\htdocs\arter2\App\Repositories\CityRepository.php created  
[2024-05-10 14:07:55] local.INFO: File : C:\htdocs\arter2\App\Models\City.php created  
[2024-05-10 14:07:55] local.INFO: File : C:\htdocs\arter2\database\migrations\1715335675_create_city_table.php created  
[2024-05-10 14:07:55] local.INFO: File : C:\htdocs\arter2\App\Http\Requests\\City\StoreCityRequest.php created  
[2024-05-10 14:07:55] local.INFO: File : C:\htdocs\arter2\App\Http\Requests\\City\UpdateCityRequest.php created  
[2024-05-10 14:07:55] local.INFO: File : C:\htdocs\arter2\resources\views\city\index.blade.php created  
[2024-05-10 14:07:55] local.INFO: File : C:\htdocs\arter2\resources\views\city\edit.blade.php created  
[2024-05-10 14:07:55] local.INFO: File : C:\htdocs\arter2\resources\views\city\create.blade.php created  
[2024-05-10 14:31:25] local.INFO: File : C:\htdocs\arter2\App\Http\Controllers\CategoryController.php created  
[2024-05-10 14:31:25] local.INFO: File : C:\htdocs\arter2\App\Repositories\CategoryRepository.php created  
[2024-05-10 14:31:25] local.INFO: File : C:\htdocs\arter2\App\Models\Category.php created  
[2024-05-10 14:31:25] local.INFO: File : C:\htdocs\arter2\database\migrations\1715337085_create_category_table.php created  
[2024-05-10 14:31:25] local.INFO: File : C:\htdocs\arter2\App\Http\Requests\\Category\StoreCategoryRequest.php created  
[2024-05-10 14:31:25] local.INFO: File : C:\htdocs\arter2\App\Http\Requests\\Category\UpdateCategoryRequest.php created  
[2024-05-10 14:31:25] local.INFO: File : C:\htdocs\arter2\resources\views\category\index.blade.php created  
[2024-05-10 14:31:25] local.INFO: File : C:\htdocs\arter2\resources\views\category\edit.blade.php created  
[2024-05-10 14:31:25] local.INFO: File : C:\htdocs\arter2\resources\views\category\create.blade.php created  
[2024-05-10 14:35:38] local.INFO: File : C:\htdocs\arter2\App\Http\Controllers\ServiceController.php created  
[2024-05-10 14:35:38] local.INFO: File : C:\htdocs\arter2\App\Repositories\ServiceRepository.php created  
[2024-05-10 14:35:38] local.INFO: File : C:\htdocs\arter2\App\Models\Service.php created  
[2024-05-10 14:35:38] local.INFO: File : C:\htdocs\arter2\database\migrations\1715337338_create_service_table.php created  
[2024-05-10 14:35:38] local.INFO: File : C:\htdocs\arter2\App\Http\Requests\\Service\StoreServiceRequest.php created  
[2024-05-10 14:35:38] local.INFO: File : C:\htdocs\arter2\App\Http\Requests\\Service\UpdateServiceRequest.php created  
[2024-05-10 14:35:38] local.INFO: File : C:\htdocs\arter2\resources\views\service\index.blade.php created  
[2024-05-10 14:35:38] local.INFO: File : C:\htdocs\arter2\resources\views\service\edit.blade.php created  
[2024-05-10 14:35:38] local.INFO: File : C:\htdocs\arter2\resources\views\service\create.blade.php created  
[2024-05-10 14:36:25] local.INFO: File : C:\htdocs\arter2\App\Http\Controllers\CustomerController.php created  
[2024-05-10 14:36:25] local.INFO: File : C:\htdocs\arter2\App\Repositories\CustomerRepository.php created  
[2024-05-10 14:36:25] local.INFO: File : C:\htdocs\arter2\App\Models\Customer.php created  
[2024-05-10 14:36:25] local.INFO: File : C:\htdocs\arter2\database\migrations\1715337385_create_customer_table.php created  
[2024-05-10 14:36:25] local.INFO: File : C:\htdocs\arter2\App\Http\Requests\\Customer\StoreCustomerRequest.php created  
[2024-05-10 14:36:25] local.INFO: File : C:\htdocs\arter2\App\Http\Requests\\Customer\UpdateCustomerRequest.php created  
[2024-05-10 14:36:25] local.INFO: File : C:\htdocs\arter2\resources\views\customer\index.blade.php created  
[2024-05-10 14:36:25] local.INFO: File : C:\htdocs\arter2\resources\views\customer\edit.blade.php created  
[2024-05-10 14:36:25] local.INFO: File : C:\htdocs\arter2\resources\views\customer\create.blade.php created  
[2024-05-13 12:43:50] local.INFO: File : C:\xampp\htdocs\bcg\App\Http\Controllers\CertificateController.php created  
[2024-05-13 12:43:50] local.INFO: File : C:\xampp\htdocs\bcg\App\Repositories\CertificateRepository.php created  
[2024-05-13 12:43:50] local.INFO: File : C:\xampp\htdocs\bcg\App\Models\Certificate.php created  
[2024-05-13 12:43:50] local.INFO: File : C:\xampp\htdocs\bcg\database\migrations\1715589830_create_certificate_table.php created  
[2024-05-13 12:43:50] local.INFO: File : C:\xampp\htdocs\bcg\App\Http\Requests\\Certificate\StoreCertificateRequest.php created  
[2024-05-13 12:43:50] local.INFO: File : C:\xampp\htdocs\bcg\App\Http\Requests\\Certificate\UpdateCertificateRequest.php created  
[2024-05-13 12:43:50] local.INFO: File : C:\xampp\htdocs\bcg\resources\views\certificate\index.blade.php created  
[2024-05-13 12:43:50] local.INFO: File : C:\xampp\htdocs\bcg\resources\views\certificate\edit.blade.php created  
[2024-05-13 12:43:50] local.INFO: File : C:\xampp\htdocs\bcg\resources\views\certificate\create.blade.php created  
[2024-05-13 12:44:00] local.INFO: File : C:\xampp\htdocs\bcg\App\Http\Controllers\GalleryController.php created  
[2024-05-13 12:44:00] local.INFO: File : C:\xampp\htdocs\bcg\App\Repositories\GalleryRepository.php created  
[2024-05-13 12:44:00] local.INFO: File : C:\xampp\htdocs\bcg\App\Models\Gallery.php created  
[2024-05-13 12:44:00] local.INFO: File : C:\xampp\htdocs\bcg\database\migrations\1715589840_create_gallery_table.php created  
[2024-05-13 12:44:00] local.INFO: File : C:\xampp\htdocs\bcg\App\Http\Requests\\Gallery\StoreGalleryRequest.php created  
[2024-05-13 12:44:00] local.INFO: File : C:\xampp\htdocs\bcg\App\Http\Requests\\Gallery\UpdateGalleryRequest.php created  
[2024-05-13 12:44:00] local.INFO: File : C:\xampp\htdocs\bcg\resources\views\gallery\index.blade.php created  
[2024-05-13 12:44:00] local.INFO: File : C:\xampp\htdocs\bcg\resources\views\gallery\edit.blade.php created  
[2024-05-13 12:44:00] local.INFO: File : C:\xampp\htdocs\bcg\resources\views\gallery\create.blade.php created  
[2024-05-13 12:44:28] local.INFO: File : C:\xampp\htdocs\bcg\App\Http\Controllers\VideoController.php created  
[2024-05-13 12:44:28] local.INFO: File : C:\xampp\htdocs\bcg\App\Repositories\VideoRepository.php created  
[2024-05-13 12:44:28] local.INFO: File : C:\xampp\htdocs\bcg\App\Models\Video.php created  
[2024-05-13 12:44:28] local.INFO: File : C:\xampp\htdocs\bcg\database\migrations\1715589868_create_video_table.php created  
[2024-05-13 12:44:28] local.INFO: File : C:\xampp\htdocs\bcg\App\Http\Requests\\Video\StoreVideoRequest.php created  
[2024-05-13 12:44:28] local.INFO: File : C:\xampp\htdocs\bcg\App\Http\Requests\\Video\UpdateVideoRequest.php created  
[2024-05-13 12:44:28] local.INFO: File : C:\xampp\htdocs\bcg\resources\views\video\index.blade.php created  
[2024-05-13 12:44:28] local.INFO: File : C:\xampp\htdocs\bcg\resources\views\video\edit.blade.php created  
[2024-05-13 12:44:28] local.INFO: File : C:\xampp\htdocs\bcg\resources\views\video\create.blade.php created  
[2024-05-13 15:40:14] local.INFO: File : C:\xampp\htdocs\bcg\App\Http\Controllers\ProjectController.php created  
[2024-05-13 15:40:14] local.INFO: File : C:\xampp\htdocs\bcg\App\Repositories\ProjectRepository.php created  
[2024-05-13 15:40:14] local.INFO: File : C:\xampp\htdocs\bcg\App\Models\Project.php created  
[2024-05-13 15:40:14] local.INFO: File : C:\xampp\htdocs\bcg\database\migrations\1715600414_create_project_table.php created  
[2024-05-13 15:40:14] local.INFO: File : C:\xampp\htdocs\bcg\App\Http\Requests\\Project\StoreProjectRequest.php created  
[2024-05-13 15:40:14] local.INFO: File : C:\xampp\htdocs\bcg\App\Http\Requests\\Project\UpdateProjectRequest.php created  
[2024-05-13 15:40:14] local.INFO: File : C:\xampp\htdocs\bcg\resources\views\project\index.blade.php created  
[2024-05-13 15:40:14] local.INFO: File : C:\xampp\htdocs\bcg\resources\views\project\edit.blade.php created  
[2024-05-13 15:40:14] local.INFO: File : C:\xampp\htdocs\bcg\resources\views\project\create.blade.php created  
[2024-05-13 16:05:47] local.INFO: File : C:\xampp\htdocs\bcg\App\Http\Controllers\ProjectAttributeController.php created  
[2024-05-13 16:05:47] local.INFO: File : C:\xampp\htdocs\bcg\App\Repositories\ProjectAttributeRepository.php created  
[2024-05-13 16:05:47] local.INFO: File : C:\xampp\htdocs\bcg\App\Models\ProjectAttribute.php created  
[2024-05-13 16:05:47] local.INFO: File : C:\xampp\htdocs\bcg\database\migrations\1715601947_create_projectattribute_table.php created  
[2024-05-13 16:05:47] local.INFO: File : C:\xampp\htdocs\bcg\App\Http\Requests\\ProjectAttribute\StoreProjectAttributeRequest.php created  
[2024-05-13 16:05:47] local.INFO: File : C:\xampp\htdocs\bcg\App\Http\Requests\\ProjectAttribute\UpdateProjectAttributeRequest.php created  
[2024-05-13 16:05:47] local.INFO: File : C:\xampp\htdocs\bcg\resources\views\projectattribute\index.blade.php created  
[2024-05-13 16:05:47] local.INFO: File : C:\xampp\htdocs\bcg\resources\views\projectattribute\edit.blade.php created  
[2024-05-13 16:05:47] local.INFO: File : C:\xampp\htdocs\bcg\resources\views\projectattribute\create.blade.php created  
[2024-05-13 16:36:07] local.INFO: File : C:\xampp\htdocs\bcg\App\Http\Controllers\ProjectImageController.php created  
[2024-05-13 16:36:07] local.INFO: File : C:\xampp\htdocs\bcg\App\Repositories\ProjectImageRepository.php created  
[2024-05-13 16:36:07] local.INFO: File : C:\xampp\htdocs\bcg\App\Models\ProjectImage.php created  
[2024-05-13 16:36:07] local.INFO: File : C:\xampp\htdocs\bcg\database\migrations\1715603767_create_projectimage_table.php created  
[2024-05-13 16:36:07] local.INFO: File : C:\xampp\htdocs\bcg\App\Http\Requests\\ProjectImage\StoreProjectImageRequest.php created  
[2024-05-13 16:36:07] local.INFO: File : C:\xampp\htdocs\bcg\App\Http\Requests\\ProjectImage\UpdateProjectImageRequest.php created  
[2024-05-13 16:36:07] local.INFO: File : C:\xampp\htdocs\bcg\resources\views\projectimage\index.blade.php created  
[2024-05-13 16:36:07] local.INFO: File : C:\xampp\htdocs\bcg\resources\views\projectimage\edit.blade.php created  
[2024-05-13 16:36:08] local.INFO: File : C:\xampp\htdocs\bcg\resources\views\projectimage\create.blade.php created  
[2024-05-14 10:29:00] local.INFO: File : C:\xampp\htdocs\bcg\App\Http\Controllers\EquipmentController.php created  
[2024-05-14 10:29:00] local.INFO: File : C:\xampp\htdocs\bcg\App\Repositories\EquipmentRepository.php created  
[2024-05-14 10:29:00] local.INFO: File : C:\xampp\htdocs\bcg\App\Models\Equipment.php created  
[2024-05-14 10:29:00] local.INFO: File : C:\xampp\htdocs\bcg\database\migrations\1715668140_create_equipment_table.php created  
[2024-05-14 10:29:00] local.INFO: File : C:\xampp\htdocs\bcg\App\Http\Requests\\Equipment\StoreEquipmentRequest.php created  
[2024-05-14 10:29:00] local.INFO: File : C:\xampp\htdocs\bcg\App\Http\Requests\\Equipment\UpdateEquipmentRequest.php created  
[2024-05-14 10:29:00] local.INFO: File : C:\xampp\htdocs\bcg\resources\views\equipment\index.blade.php created  
[2024-05-14 10:29:00] local.INFO: File : C:\xampp\htdocs\bcg\resources\views\equipment\edit.blade.php created  
[2024-05-14 10:29:00] local.INFO: File : C:\xampp\htdocs\bcg\resources\views\equipment\create.blade.php created  
[2024-05-14 10:29:31] local.INFO: File : C:\xampp\htdocs\bcg\App\Http\Controllers\EquipmentImageController.php created  
[2024-05-14 10:29:31] local.INFO: File : C:\xampp\htdocs\bcg\App\Repositories\EquipmentImageRepository.php created  
[2024-05-14 10:29:31] local.INFO: File : C:\xampp\htdocs\bcg\App\Models\EquipmentImage.php created  
[2024-05-14 10:29:31] local.INFO: File : C:\xampp\htdocs\bcg\database\migrations\1715668171_create_equipmentimage_table.php created  
[2024-05-14 10:29:31] local.INFO: File : C:\xampp\htdocs\bcg\App\Http\Requests\\EquipmentImage\StoreEquipmentImageRequest.php created  
[2024-05-14 10:29:31] local.INFO: File : C:\xampp\htdocs\bcg\App\Http\Requests\\EquipmentImage\UpdateEquipmentImageRequest.php created  
[2024-05-14 10:29:31] local.INFO: File : C:\xampp\htdocs\bcg\resources\views\equipmentimage\index.blade.php created  
[2024-05-14 10:29:31] local.INFO: File : C:\xampp\htdocs\bcg\resources\views\equipmentimage\edit.blade.php created  
[2024-05-14 10:29:31] local.INFO: File : C:\xampp\htdocs\bcg\resources\views\equipmentimage\create.blade.php created  
[2024-05-14 11:03:35] local.INFO: File : C:\xampp\htdocs\bcg\App\Http\Controllers\ServiceAttributeController.php created  
[2024-05-14 11:03:35] local.INFO: File : C:\xampp\htdocs\bcg\App\Repositories\ServiceAttributeRepository.php created  
[2024-05-14 11:03:35] local.INFO: File : C:\xampp\htdocs\bcg\App\Models\ServiceAttribute.php created  
[2024-05-14 11:03:35] local.INFO: File : C:\xampp\htdocs\bcg\database\migrations\1715670215_create_serviceattribute_table.php created  
[2024-05-14 11:03:35] local.INFO: File : C:\xampp\htdocs\bcg\App\Http\Requests\\ServiceAttribute\StoreServiceAttributeRequest.php created  
[2024-05-14 11:03:35] local.INFO: File : C:\xampp\htdocs\bcg\App\Http\Requests\\ServiceAttribute\UpdateServiceAttributeRequest.php created  
[2024-05-14 11:03:35] local.INFO: File : C:\xampp\htdocs\bcg\resources\views\serviceattribute\index.blade.php created  
[2024-05-14 11:03:35] local.INFO: File : C:\xampp\htdocs\bcg\resources\views\serviceattribute\edit.blade.php created  
[2024-05-14 11:03:35] local.INFO: File : C:\xampp\htdocs\bcg\resources\views\serviceattribute\create.blade.php created  
[2024-05-14 14:18:08] local.INFO: File : C:\xampp\htdocs\bcg\App\Http\Controllers\ServiceImageController.php created  
[2024-05-14 14:18:08] local.INFO: File : C:\xampp\htdocs\bcg\App\Repositories\ServiceImageRepository.php created  
[2024-05-14 14:18:08] local.INFO: File : C:\xampp\htdocs\bcg\App\Models\ServiceImage.php created  
[2024-05-14 14:18:08] local.INFO: File : C:\xampp\htdocs\bcg\database\migrations\1715681888_create_serviceimage_table.php created  
[2024-05-14 14:18:08] local.INFO: File : C:\xampp\htdocs\bcg\App\Http\Requests\\ServiceImage\StoreServiceImageRequest.php created  
[2024-05-14 14:18:08] local.INFO: File : C:\xampp\htdocs\bcg\App\Http\Requests\\ServiceImage\UpdateServiceImageRequest.php created  
[2024-05-14 14:18:08] local.INFO: File : C:\xampp\htdocs\bcg\resources\views\serviceimage\index.blade.php created  
[2024-05-14 14:18:08] local.INFO: File : C:\xampp\htdocs\bcg\resources\views\serviceimage\edit.blade.php created  
[2024-05-14 14:18:08] local.INFO: File : C:\xampp\htdocs\bcg\resources\views\serviceimage\create.blade.php created  
[2024-05-29 11:47:01] local.INFO: File : C:\xampp\htdocs\bcg\App\Http\Controllers\ProductController.php created  
[2024-05-29 11:47:01] local.INFO: File : C:\xampp\htdocs\bcg\App\Repositories\ProductRepository.php created  
[2024-05-29 11:47:01] local.INFO: File : C:\xampp\htdocs\bcg\App\Models\Product.php created  
[2024-05-29 11:47:01] local.INFO: File : C:\xampp\htdocs\bcg\database\migrations\1716968821_create_product_table.php created  
[2024-05-29 11:47:01] local.INFO: File : C:\xampp\htdocs\bcg\App\Http\Requests\\Product\StoreProductRequest.php created  
[2024-05-29 11:47:01] local.INFO: File : C:\xampp\htdocs\bcg\App\Http\Requests\\Product\UpdateProductRequest.php created  
[2024-05-29 11:47:01] local.INFO: File : C:\xampp\htdocs\bcg\resources\views\product\index.blade.php created  
[2024-05-29 11:47:01] local.INFO: File : C:\xampp\htdocs\bcg\resources\views\product\edit.blade.php created  
[2024-05-29 11:47:01] local.INFO: File : C:\xampp\htdocs\bcg\resources\views\product\create.blade.php created  
[2024-05-29 11:47:32] local.INFO: File : C:\xampp\htdocs\bcg\App\Http\Controllers\ProductImageController.php created  
[2024-05-29 11:47:32] local.INFO: File : C:\xampp\htdocs\bcg\App\Repositories\ProductImageRepository.php created  
[2024-05-29 11:47:32] local.INFO: File : C:\xampp\htdocs\bcg\App\Models\ProductImage.php created  
[2024-05-29 11:47:32] local.INFO: File : C:\xampp\htdocs\bcg\database\migrations\1716968852_create_productimage_table.php created  
[2024-05-29 11:47:32] local.INFO: File : C:\xampp\htdocs\bcg\App\Http\Requests\\ProductImage\StoreProductImageRequest.php created  
[2024-05-29 11:47:32] local.INFO: File : C:\xampp\htdocs\bcg\App\Http\Requests\\ProductImage\UpdateProductImageRequest.php created  
[2024-05-29 11:47:32] local.INFO: File : C:\xampp\htdocs\bcg\resources\views\productimage\index.blade.php created  
[2024-05-29 11:47:32] local.INFO: File : C:\xampp\htdocs\bcg\resources\views\productimage\edit.blade.php created  
[2024-05-29 11:47:32] local.INFO: File : C:\xampp\htdocs\bcg\resources\views\productimage\create.blade.php created  
[2024-05-29 11:50:08] local.INFO: File : C:\xampp\htdocs\bcg\App\Http\Controllers\LeadershipTeamController.php created  
[2024-05-29 11:50:08] local.INFO: File : C:\xampp\htdocs\bcg\App\Repositories\LeadershipTeamRepository.php created  
[2024-05-29 11:50:08] local.INFO: File : C:\xampp\htdocs\bcg\App\Models\LeadershipTeam.php created  
[2024-05-29 11:50:08] local.INFO: File : C:\xampp\htdocs\bcg\database\migrations\1716969008_create_leadershipteam_table.php created  
[2024-05-29 11:50:08] local.INFO: File : C:\xampp\htdocs\bcg\App\Http\Requests\\LeadershipTeam\StoreLeadershipTeamRequest.php created  
[2024-05-29 11:50:08] local.INFO: File : C:\xampp\htdocs\bcg\App\Http\Requests\\LeadershipTeam\UpdateLeadershipTeamRequest.php created  
[2024-05-29 11:50:08] local.INFO: File : C:\xampp\htdocs\bcg\resources\views\leadershipteam\index.blade.php created  
[2024-05-29 11:50:08] local.INFO: File : C:\xampp\htdocs\bcg\resources\views\leadershipteam\edit.blade.php created  
[2024-05-29 11:50:08] local.INFO: File : C:\xampp\htdocs\bcg\resources\views\leadershipteam\create.blade.php created  
[2024-05-29 11:50:49] local.INFO: File : C:\xampp\htdocs\bcg\App\Http\Controllers\JobVacancyController.php created  
[2024-05-29 11:50:49] local.INFO: File : C:\xampp\htdocs\bcg\App\Repositories\JobVacancyRepository.php created  
[2024-05-29 11:50:49] local.INFO: File : C:\xampp\htdocs\bcg\App\Models\JobVacancy.php created  
[2024-05-29 11:50:49] local.INFO: File : C:\xampp\htdocs\bcg\database\migrations\1716969049_create_jobvacancy_table.php created  
[2024-05-29 11:50:49] local.INFO: File : C:\xampp\htdocs\bcg\App\Http\Requests\\JobVacancy\StoreJobVacancyRequest.php created  
[2024-05-29 11:50:49] local.INFO: File : C:\xampp\htdocs\bcg\App\Http\Requests\\JobVacancy\UpdateJobVacancyRequest.php created  
[2024-05-29 11:50:49] local.INFO: File : C:\xampp\htdocs\bcg\resources\views\jobvacancy\index.blade.php created  
[2024-05-29 11:50:49] local.INFO: File : C:\xampp\htdocs\bcg\resources\views\jobvacancy\edit.blade.php created  
[2024-05-29 11:50:49] local.INFO: File : C:\xampp\htdocs\bcg\resources\views\jobvacancy\create.blade.php created  
[2024-05-29 11:50:50] local.INFO: File : C:\xampp\htdocs\bcg\App\Http\Controllers\JobVacancyController.php already exits  
[2024-05-29 11:50:50] local.INFO: File : C:\xampp\htdocs\bcg\App\Repositories\JobVacancyRepository.php already exits  
[2024-05-29 11:50:50] local.INFO: File : C:\xampp\htdocs\bcg\App\Models\JobVacancy.php already exits  
[2024-05-29 11:50:50] local.INFO: File : C:\xampp\htdocs\bcg\database\migrations\1716969050_create_jobvacancy_table.php created  
[2024-05-29 11:50:50] local.INFO: File : C:\xampp\htdocs\bcg\App\Http\Requests\\JobVacancy\StoreJobVacancyRequest.php already exits  
[2024-05-29 11:50:50] local.INFO: File : C:\xampp\htdocs\bcg\App\Http\Requests\\JobVacancy\UpdateJobVacancyRequest.php already exits  
[2024-05-29 11:50:50] local.INFO: File : C:\xampp\htdocs\bcg\resources\views\jobvacancy\index.blade.php already exits  
[2024-05-29 11:50:50] local.INFO: File : C:\xampp\htdocs\bcg\resources\views\jobvacancy\edit.blade.php already exits  
[2024-05-29 11:50:50] local.INFO: File : C:\xampp\htdocs\bcg\resources\views\jobvacancy\create.blade.php already exits  
[2024-05-30 12:05:24] local.INFO: File : C:\xampp\htdocs\bcg\App\Http\Controllers\MetaTagController.php created  
[2024-05-30 12:05:24] local.INFO: File : C:\xampp\htdocs\bcg\App\Repositories\MetaTagRepository.php created  
[2024-05-30 12:05:24] local.INFO: File : C:\xampp\htdocs\bcg\App\Models\MetaTags.php created  
[2024-05-30 12:05:24] local.INFO: File : C:\xampp\htdocs\bcg\database\migrations\1717056324_create_metatag_table.php created  
[2024-05-30 12:05:24] local.INFO: File : C:\xampp\htdocs\bcg\App\Http\Requests\\MetaTag\StoreMetaTagRequest.php created  
[2024-05-30 12:05:24] local.INFO: File : C:\xampp\htdocs\bcg\App\Http\Requests\\MetaTag\UpdateMetaTagRequest.php created  
[2024-05-30 12:05:24] local.INFO: File : C:\xampp\htdocs\bcg\resources\views\metatag\index.blade.php created  
[2024-05-30 12:05:24] local.INFO: File : C:\xampp\htdocs\bcg\resources\views\metatag\edit.blade.php created  
[2024-05-30 12:05:24] local.INFO: File : C:\xampp\htdocs\bcg\resources\views\metatag\create.blade.php created  
[2024-05-30 15:29:10] local.INFO: File : C:\xampp\htdocs\bcg\App\Http\Controllers\ContactFormController.php created  
[2024-05-30 15:29:10] local.INFO: File : C:\xampp\htdocs\bcg\App\Repositories\ContactFormRepository.php created  
[2024-05-30 15:29:10] local.INFO: File : C:\xampp\htdocs\bcg\App\Models\ContactForm.php created  
[2024-05-30 15:29:10] local.INFO: File : C:\xampp\htdocs\bcg\database\migrations\1717068550_create_contactform_table.php created  
[2024-05-30 15:29:10] local.INFO: File : C:\xampp\htdocs\bcg\App\Http\Requests\\ContactForm\StoreContactFormRequest.php created  
[2024-05-30 15:29:10] local.INFO: File : C:\xampp\htdocs\bcg\App\Http\Requests\\ContactForm\UpdateContactFormRequest.php created  
[2024-05-30 15:29:10] local.INFO: File : C:\xampp\htdocs\bcg\resources\views\contactform\index.blade.php created  
[2024-05-30 15:29:10] local.INFO: File : C:\xampp\htdocs\bcg\resources\views\contactform\edit.blade.php created  
[2024-05-30 15:29:10] local.INFO: File : C:\xampp\htdocs\bcg\resources\views\contactform\create.blade.php created  
[2024-06-10 10:23:15] local.INFO: File : D:\xampp\htdocs\markup\App\Http\Controllers\ReferenceController.php created  
[2024-06-10 10:23:15] local.INFO: File : D:\xampp\htdocs\markup\App\Repositories\ReferenceRepository.php created  
[2024-06-10 10:23:15] local.INFO: File : D:\xampp\htdocs\markup\App\Models\Reference.php created  
[2024-06-10 10:23:15] local.INFO: File : D:\xampp\htdocs\markup\database\migrations\1718000595_create_reference_table.php created  
[2024-06-10 10:23:15] local.INFO: File : D:\xampp\htdocs\markup\App\Http\Requests\\Reference\StoreReferenceRequest.php created  
[2024-06-10 10:23:15] local.INFO: File : D:\xampp\htdocs\markup\App\Http\Requests\\Reference\UpdateReferenceRequest.php created  
[2024-06-10 10:23:15] local.INFO: File : D:\xampp\htdocs\markup\resources\views\reference\index.blade.php created  
[2024-06-10 10:23:15] local.INFO: File : D:\xampp\htdocs\markup\resources\views\reference\edit.blade.php created  
[2024-06-10 10:23:15] local.INFO: File : D:\xampp\htdocs\markup\resources\views\reference\create.blade.php created  
[2024-06-10 10:24:17] local.INFO: File : D:\xampp\htdocs\markup\App\Http\Controllers\TeamController.php created  
[2024-06-10 10:24:17] local.INFO: File : D:\xampp\htdocs\markup\App\Repositories\TeamRepository.php created  
[2024-06-10 10:24:17] local.INFO: File : D:\xampp\htdocs\markup\App\Models\Team.php created  
[2024-06-10 10:24:17] local.INFO: File : D:\xampp\htdocs\markup\database\migrations\1718000657_create_team_table.php created  
[2024-06-10 10:24:17] local.INFO: File : D:\xampp\htdocs\markup\App\Http\Requests\\Team\StoreTeamRequest.php created  
[2024-06-10 10:24:17] local.INFO: File : D:\xampp\htdocs\markup\App\Http\Requests\\Team\UpdateTeamRequest.php created  
[2024-06-10 10:24:17] local.INFO: File : D:\xampp\htdocs\markup\resources\views\team\index.blade.php created  
[2024-06-10 10:24:17] local.INFO: File : D:\xampp\htdocs\markup\resources\views\team\edit.blade.php created  
[2024-06-10 10:24:17] local.INFO: File : D:\xampp\htdocs\markup\resources\views\team\create.blade.php created  
